<?xml version="1.0" encoding="UTF-8"?>
<testsuite xmlns:xsi="http://www.w3.org/2001/XMLSchema-instance" xsi:noNamespaceSchemaLocation="https://maven.apache.org/surefire/maven-surefire-plugin/xsd/surefire-test-report.xsd" name="com.example.grpc.server.grpcserver.GrpcServerApplicationTests" time="13.808" tests="1" errors="0" skipped="0" failures="0">
  <properties>
    <property name="awt.toolkit" value="sun.awt.X11.XToolkit"/>
    <property name="java.specification.version" value="11"/>
    <property name="sun.cpu.isalist" value=""/>
    <property name="sun.jnu.encoding" value="UTF-8"/>
    <property name="java.class.path" value="/home/prabhjotbrarr/Downloads/ECS656U-796PLab2StartingPoint-main/grpc-server/target/test-classes:/home/prabhjotbrarr/Downloads/ECS656U-796PLab2StartingPoint-main/grpc-server/target/classes:/home/prabhjotbrarr/.m2/repository/org/springframework/boot/spring-boot-starter-thymeleaf/2.1.7.RELEASE/spring-boot-starter-thymeleaf-2.1.7.RELEASE.jar:/home/prabhjotbrarr/.m2/repository/org/springframework/boot/spring-boot-starter/2.1.7.RELEASE/spring-boot-starter-2.1.7.RELEASE.jar:/home/prabhjotbrarr/.m2/repository/org/springframework/boot/spring-boot/2.1.7.RELEASE/spring-boot-2.1.7.RELEASE.jar:/home/prabhjotbrarr/.m2/repository/org/springframework/boot/spring-boot-autoconfigure/2.1.7.RELEASE/spring-boot-autoconfigure-2.1.7.RELEASE.jar:/home/prabhjotbrarr/.m2/repository/org/springframework/boot/spring-boot-starter-logging/2.1.7.RELEASE/spring-boot-starter-logging-2.1.7.RELEASE.jar:/home/prabhjotbrarr/.m2/repository/ch/qos/logback/logback-classic/1.2.3/logback-classic-1.2.3.jar:/home/prabhjotbrarr/.m2/repository/ch/qos/logback/logback-core/1.2.3/logback-core-1.2.3.jar:/home/prabhjotbrarr/.m2/repository/org/apache/logging/log4j/log4j-to-slf4j/2.11.2/log4j-to-slf4j-2.11.2.jar:/home/prabhjotbrarr/.m2/repository/org/apache/logging/log4j/log4j-api/2.11.2/log4j-api-2.11.2.jar:/home/prabhjotbrarr/.m2/repository/org/slf4j/jul-to-slf4j/1.7.26/jul-to-slf4j-1.7.26.jar:/home/prabhjotbrarr/.m2/repository/javax/annotation/javax.annotation-api/1.3.2/javax.annotation-api-1.3.2.jar:/home/prabhjotbrarr/.m2/repository/org/yaml/snakeyaml/1.23/snakeyaml-1.23.jar:/home/prabhjotbrarr/.m2/repository/org/thymeleaf/thymeleaf-spring5/3.0.11.RELEASE/thymeleaf-spring5-3.0.11.RELEASE.jar:/home/prabhjotbrarr/.m2/repository/org/thymeleaf/thymeleaf/3.0.11.RELEASE/thymeleaf-3.0.11.RELEASE.jar:/home/prabhjotbrarr/.m2/repository/org/attoparser/attoparser/2.0.5.RELEASE/attoparser-2.0.5.RELEASE.jar:/home/prabhjotbrarr/.m2/repository/org/unbescape/unbescape/1.1.6.RELEASE/unbescape-1.1.6.RELEASE.jar:/home/prabhjotbrarr/.m2/repository/org/slf4j/slf4j-api/1.7.26/slf4j-api-1.7.26.jar:/home/prabhjotbrarr/.m2/repository/org/thymeleaf/extras/thymeleaf-extras-java8time/3.0.4.RELEASE/thymeleaf-extras-java8time-3.0.4.RELEASE.jar:/home/prabhjotbrarr/.m2/repository/org/springframework/boot/spring-boot-starter-web/2.1.7.RELEASE/spring-boot-starter-web-2.1.7.RELEASE.jar:/home/prabhjotbrarr/.m2/repository/org/springframework/boot/spring-boot-starter-json/2.1.7.RELEASE/spring-boot-starter-json-2.1.7.RELEASE.jar:/home/prabhjotbrarr/.m2/repository/com/fasterxml/jackson/core/jackson-databind/2.9.9/jackson-databind-2.9.9.jar:/home/prabhjotbrarr/.m2/repository/com/fasterxml/jackson/core/jackson-annotations/2.9.0/jackson-annotations-2.9.0.jar:/home/prabhjotbrarr/.m2/repository/com/fasterxml/jackson/core/jackson-core/2.9.9/jackson-core-2.9.9.jar:/home/prabhjotbrarr/.m2/repository/com/fasterxml/jackson/datatype/jackson-datatype-jdk8/2.9.9/jackson-datatype-jdk8-2.9.9.jar:/home/prabhjotbrarr/.m2/repository/com/fasterxml/jackson/datatype/jackson-datatype-jsr310/2.9.9/jackson-datatype-jsr310-2.9.9.jar:/home/prabhjotbrarr/.m2/repository/com/fasterxml/jackson/module/jackson-module-parameter-names/2.9.9/jackson-module-parameter-names-2.9.9.jar:/home/prabhjotbrarr/.m2/repository/org/springframework/boot/spring-boot-starter-tomcat/2.1.7.RELEASE/spring-boot-starter-tomcat-2.1.7.RELEASE.jar:/home/prabhjotbrarr/.m2/repository/org/apache/tomcat/embed/tomcat-embed-core/9.0.22/tomcat-embed-core-9.0.22.jar:/home/prabhjotbrarr/.m2/repository/org/apache/tomcat/embed/tomcat-embed-el/9.0.22/tomcat-embed-el-9.0.22.jar:/home/prabhjotbrarr/.m2/repository/org/apache/tomcat/embed/tomcat-embed-websocket/9.0.22/tomcat-embed-websocket-9.0.22.jar:/home/prabhjotbrarr/.m2/repository/org/hibernate/validator/hibernate-validator/6.0.17.Final/hibernate-validator-6.0.17.Final.jar:/home/prabhjotbrarr/.m2/repository/javax/validation/validation-api/2.0.1.Final/validation-api-2.0.1.Final.jar:/home/prabhjotbrarr/.m2/repository/org/jboss/logging/jboss-logging/3.3.2.Final/jboss-logging-3.3.2.Final.jar:/home/prabhjotbrarr/.m2/repository/com/fasterxml/classmate/1.4.0/classmate-1.4.0.jar:/home/prabhjotbrarr/.m2/repository/org/springframework/spring-web/5.1.9.RELEASE/spring-web-5.1.9.RELEASE.jar:/home/prabhjotbrarr/.m2/repository/org/springframework/spring-beans/5.1.9.RELEASE/spring-beans-5.1.9.RELEASE.jar:/home/prabhjotbrarr/.m2/repository/org/springframework/spring-webmvc/5.1.9.RELEASE/spring-webmvc-5.1.9.RELEASE.jar:/home/prabhjotbrarr/.m2/repository/org/springframework/spring-aop/5.1.9.RELEASE/spring-aop-5.1.9.RELEASE.jar:/home/prabhjotbrarr/.m2/repository/org/springframework/spring-context/5.1.9.RELEASE/spring-context-5.1.9.RELEASE.jar:/home/prabhjotbrarr/.m2/repository/org/springframework/spring-expression/5.1.9.RELEASE/spring-expression-5.1.9.RELEASE.jar:/home/prabhjotbrarr/.m2/repository/org/springframework/boot/spring-boot-starter-test/2.1.7.RELEASE/spring-boot-starter-test-2.1.7.RELEASE.jar:/home/prabhjotbrarr/.m2/repository/org/springframework/boot/spring-boot-test/2.1.7.RELEASE/spring-boot-test-2.1.7.RELEASE.jar:/home/prabhjotbrarr/.m2/repository/org/springframework/boot/spring-boot-test-autoconfigure/2.1.7.RELEASE/spring-boot-test-autoconfigure-2.1.7.RELEASE.jar:/home/prabhjotbrarr/.m2/repository/com/jayway/jsonpath/json-path/2.4.0/json-path-2.4.0.jar:/home/prabhjotbrarr/.m2/repository/net/minidev/json-smart/2.3/json-smart-2.3.jar:/home/prabhjotbrarr/.m2/repository/net/minidev/accessors-smart/1.2/accessors-smart-1.2.jar:/home/prabhjotbrarr/.m2/repository/org/ow2/asm/asm/5.0.4/asm-5.0.4.jar:/home/prabhjotbrarr/.m2/repository/junit/junit/4.12/junit-4.12.jar:/home/prabhjotbrarr/.m2/repository/org/assertj/assertj-core/3.11.1/assertj-core-3.11.1.jar:/home/prabhjotbrarr/.m2/repository/org/mockito/mockito-core/2.23.4/mockito-core-2.23.4.jar:/home/prabhjotbrarr/.m2/repository/net/bytebuddy/byte-buddy/1.9.16/byte-buddy-1.9.16.jar:/home/prabhjotbrarr/.m2/repository/net/bytebuddy/byte-buddy-agent/1.9.16/byte-buddy-agent-1.9.16.jar:/home/prabhjotbrarr/.m2/repository/org/objenesis/objenesis/2.6/objenesis-2.6.jar:/home/prabhjotbrarr/.m2/repository/org/hamcrest/hamcrest-core/1.3/hamcrest-core-1.3.jar:/home/prabhjotbrarr/.m2/repository/org/hamcrest/hamcrest-library/1.3/hamcrest-library-1.3.jar:/home/prabhjotbrarr/.m2/repository/org/skyscreamer/jsonassert/1.5.0/jsonassert-1.5.0.jar:/home/prabhjotbrarr/.m2/repository/com/vaadin/external/google/android-json/0.0.20131108.vaadin1/android-json-0.0.20131108.vaadin1.jar:/home/prabhjotbrarr/.m2/repository/org/springframework/spring-core/5.1.9.RELEASE/spring-core-5.1.9.RELEASE.jar:/home/prabhjotbrarr/.m2/repository/org/springframework/spring-jcl/5.1.9.RELEASE/spring-jcl-5.1.9.RELEASE.jar:/home/prabhjotbrarr/.m2/repository/org/springframework/spring-test/5.1.9.RELEASE/spring-test-5.1.9.RELEASE.jar:/home/prabhjotbrarr/.m2/repository/org/xmlunit/xmlunit-core/2.6.3/xmlunit-core-2.6.3.jar:/home/prabhjotbrarr/.m2/repository/javax/xml/bind/jaxb-api/2.3.1/jaxb-api-2.3.1.jar:/home/prabhjotbrarr/.m2/repository/javax/activation/javax.activation-api/1.2.0/javax.activation-api-1.2.0.jar:/home/prabhjotbrarr/.m2/repository/net/devh/grpc-spring-boot-starter/2.5.1.RELEASE/grpc-spring-boot-starter-2.5.1.RELEASE.jar:/home/prabhjotbrarr/.m2/repository/net/devh/grpc-server-spring-boot-starter/2.5.1.RELEASE/grpc-server-spring-boot-starter-2.5.1.RELEASE.jar:/home/prabhjotbrarr/.m2/repository/net/devh/grpc-server-spring-boot-autoconfigure/2.5.1.RELEASE/grpc-server-spring-boot-autoconfigure-2.5.1.RELEASE.jar:/home/prabhjotbrarr/.m2/repository/io/grpc/grpc-services/1.22.2/grpc-services-1.22.2.jar:/home/prabhjotbrarr/.m2/repository/com/google/protobuf/protobuf-java-util/3.7.1/protobuf-java-util-3.7.1.jar:/home/prabhjotbrarr/.m2/repository/net/devh/grpc-client-spring-boot-starter/2.5.1.RELEASE/grpc-client-spring-boot-starter-2.5.1.RELEASE.jar:/home/prabhjotbrarr/.m2/repository/net/devh/grpc-client-spring-boot-autoconfigure/2.5.1.RELEASE/grpc-client-spring-boot-autoconfigure-2.5.1.RELEASE.jar:/home/prabhjotbrarr/.m2/repository/net/devh/grpc-common-spring-boot/2.5.1.RELEASE/grpc-common-spring-boot-2.5.1.RELEASE.jar:/home/prabhjotbrarr/.m2/repository/io/grpc/grpc-core/1.22.2/grpc-core-1.22.2.jar:/home/prabhjotbrarr/.m2/repository/com/google/code/gson/gson/2.8.5/gson-2.8.5.jar:/home/prabhjotbrarr/.m2/repository/com/google/android/annotations/4.1.1.4/annotations-4.1.1.4.jar:/home/prabhjotbrarr/.m2/repository/io/perfmark/perfmark-api/0.16.0/perfmark-api-0.16.0.jar:/home/prabhjotbrarr/.m2/repository/io/opencensus/opencensus-api/0.21.0/opencensus-api-0.21.0.jar:/home/prabhjotbrarr/.m2/repository/io/opencensus/opencensus-contrib-grpc-metrics/0.21.0/opencensus-contrib-grpc-metrics-0.21.0.jar:/home/prabhjotbrarr/.m2/repository/io/grpc/grpc-netty-shaded/1.22.2/grpc-netty-shaded-1.22.2.jar:/home/prabhjotbrarr/.m2/repository/io/grpc/grpc-protobuf/1.22.2/grpc-protobuf-1.22.2.jar:/home/prabhjotbrarr/.m2/repository/io/grpc/grpc-api/1.22.2/grpc-api-1.22.2.jar:/home/prabhjotbrarr/.m2/repository/io/grpc/grpc-context/1.22.2/grpc-context-1.22.2.jar:/home/prabhjotbrarr/.m2/repository/com/google/errorprone/error_prone_annotations/2.3.2/error_prone_annotations-2.3.2.jar:/home/prabhjotbrarr/.m2/repository/com/google/code/findbugs/jsr305/3.0.2/jsr305-3.0.2.jar:/home/prabhjotbrarr/.m2/repository/org/codehaus/mojo/animal-sniffer-annotations/1.17/animal-sniffer-annotations-1.17.jar:/home/prabhjotbrarr/.m2/repository/com/google/protobuf/protobuf-java/3.7.1/protobuf-java-3.7.1.jar:/home/prabhjotbrarr/.m2/repository/com/google/guava/guava/26.0-android/guava-26.0-android.jar:/home/prabhjotbrarr/.m2/repository/org/checkerframework/checker-compat-qual/2.5.2/checker-compat-qual-2.5.2.jar:/home/prabhjotbrarr/.m2/repository/com/google/j2objc/j2objc-annotations/1.1/j2objc-annotations-1.1.jar:/home/prabhjotbrarr/.m2/repository/com/google/api/grpc/proto-google-common-protos/1.12.0/proto-google-common-protos-1.12.0.jar:/home/prabhjotbrarr/.m2/repository/io/grpc/grpc-protobuf-lite/1.22.2/grpc-protobuf-lite-1.22.2.jar:/home/prabhjotbrarr/.m2/repository/io/grpc/grpc-stub/1.22.2/grpc-stub-1.22.2.jar:"/>
    <property name="java.vm.vendor" value="Debian"/>
    <property name="sun.arch.data.model" value="64"/>
    <property name="java.vendor.url" value="https://tracker.debian.org/openjdk-11"/>
    <property name="user.timezone" value=""/>
    <property name="java.vm.specification.version" value="11"/>
    <property name="os.name" value="Linux"/>
    <property name="sun.java.launcher" value="SUN_STANDARD"/>
    <property name="user.country" value="US"/>
    <property name="sun.boot.library.path" value="/usr/lib/jvm/java-11-openjdk-amd64/lib"/>
    <property name="sun.java.command" value="/home/prabhjotbrarr/Downloads/ECS656U-796PLab2StartingPoint-main/grpc-server/target/surefire/surefirebooter7025405790992788487.jar /home/prabhjotbrarr/Downloads/ECS656U-796PLab2StartingPoint-main/grpc-server/target/surefire 2022-04-20T07-35-39_510-jvmRun1 surefire2637476107836963683tmp surefire_010463286166312865065tmp"/>
    <property name="jdk.debug" value="release"/>
    <property name="surefire.test.class.path" value="/home/prabhjotbrarr/Downloads/ECS656U-796PLab2StartingPoint-main/grpc-server/target/test-classes:/home/prabhjotbrarr/Downloads/ECS656U-796PLab2StartingPoint-main/grpc-server/target/classes:/home/prabhjotbrarr/.m2/repository/org/springframework/boot/spring-boot-starter-thymeleaf/2.1.7.RELEASE/spring-boot-starter-thymeleaf-2.1.7.RELEASE.jar:/home/prabhjotbrarr/.m2/repository/org/springframework/boot/spring-boot-starter/2.1.7.RELEASE/spring-boot-starter-2.1.7.RELEASE.jar:/home/prabhjotbrarr/.m2/repository/org/springframework/boot/spring-boot/2.1.7.RELEASE/spring-boot-2.1.7.RELEASE.jar:/home/prabhjotbrarr/.m2/repository/org/springframework/boot/spring-boot-autoconfigure/2.1.7.RELEASE/spring-boot-autoconfigure-2.1.7.RELEASE.jar:/home/prabhjotbrarr/.m2/repository/org/springframework/boot/spring-boot-starter-logging/2.1.7.RELEASE/spring-boot-starter-logging-2.1.7.RELEASE.jar:/home/prabhjotbrarr/.m2/repository/ch/qos/logback/logback-classic/1.2.3/logback-classic-1.2.3.jar:/home/prabhjotbrarr/.m2/repository/ch/qos/logback/logback-core/1.2.3/logback-core-1.2.3.jar:/home/prabhjotbrarr/.m2/repository/org/apache/logging/log4j/log4j-to-slf4j/2.11.2/log4j-to-slf4j-2.11.2.jar:/home/prabhjotbrarr/.m2/repository/org/apache/logging/log4j/log4j-api/2.11.2/log4j-api-2.11.2.jar:/home/prabhjotbrarr/.m2/repository/org/slf4j/jul-to-slf4j/1.7.26/jul-to-slf4j-1.7.26.jar:/home/prabhjotbrarr/.m2/repository/javax/annotation/javax.annotation-api/1.3.2/javax.annotation-api-1.3.2.jar:/home/prabhjotbrarr/.m2/repository/org/yaml/snakeyaml/1.23/snakeyaml-1.23.jar:/home/prabhjotbrarr/.m2/repository/org/thymeleaf/thymeleaf-spring5/3.0.11.RELEASE/thymeleaf-spring5-3.0.11.RELEASE.jar:/home/prabhjotbrarr/.m2/repository/org/thymeleaf/thymeleaf/3.0.11.RELEASE/thymeleaf-3.0.11.RELEASE.jar:/home/prabhjotbrarr/.m2/repository/org/attoparser/attoparser/2.0.5.RELEASE/attoparser-2.0.5.RELEASE.jar:/home/prabhjotbrarr/.m2/repository/org/unbescape/unbescape/1.1.6.RELEASE/unbescape-1.1.6.RELEASE.jar:/home/prabhjotbrarr/.m2/repository/org/slf4j/slf4j-api/1.7.26/slf4j-api-1.7.26.jar:/home/prabhjotbrarr/.m2/repository/org/thymeleaf/extras/thymeleaf-extras-java8time/3.0.4.RELEASE/thymeleaf-extras-java8time-3.0.4.RELEASE.jar:/home/prabhjotbrarr/.m2/repository/org/springframework/boot/spring-boot-starter-web/2.1.7.RELEASE/spring-boot-starter-web-2.1.7.RELEASE.jar:/home/prabhjotbrarr/.m2/repository/org/springframework/boot/spring-boot-starter-json/2.1.7.RELEASE/spring-boot-starter-json-2.1.7.RELEASE.jar:/home/prabhjotbrarr/.m2/repository/com/fasterxml/jackson/core/jackson-databind/2.9.9/jackson-databind-2.9.9.jar:/home/prabhjotbrarr/.m2/repository/com/fasterxml/jackson/core/jackson-annotations/2.9.0/jackson-annotations-2.9.0.jar:/home/prabhjotbrarr/.m2/repository/com/fasterxml/jackson/core/jackson-core/2.9.9/jackson-core-2.9.9.jar:/home/prabhjotbrarr/.m2/repository/com/fasterxml/jackson/datatype/jackson-datatype-jdk8/2.9.9/jackson-datatype-jdk8-2.9.9.jar:/home/prabhjotbrarr/.m2/repository/com/fasterxml/jackson/datatype/jackson-datatype-jsr310/2.9.9/jackson-datatype-jsr310-2.9.9.jar:/home/prabhjotbrarr/.m2/repository/com/fasterxml/jackson/module/jackson-module-parameter-names/2.9.9/jackson-module-parameter-names-2.9.9.jar:/home/prabhjotbrarr/.m2/repository/org/springframework/boot/spring-boot-starter-tomcat/2.1.7.RELEASE/spring-boot-starter-tomcat-2.1.7.RELEASE.jar:/home/prabhjotbrarr/.m2/repository/org/apache/tomcat/embed/tomcat-embed-core/9.0.22/tomcat-embed-core-9.0.22.jar:/home/prabhjotbrarr/.m2/repository/org/apache/tomcat/embed/tomcat-embed-el/9.0.22/tomcat-embed-el-9.0.22.jar:/home/prabhjotbrarr/.m2/repository/org/apache/tomcat/embed/tomcat-embed-websocket/9.0.22/tomcat-embed-websocket-9.0.22.jar:/home/prabhjotbrarr/.m2/repository/org/hibernate/validator/hibernate-validator/6.0.17.Final/hibernate-validator-6.0.17.Final.jar:/home/prabhjotbrarr/.m2/repository/javax/validation/validation-api/2.0.1.Final/validation-api-2.0.1.Final.jar:/home/prabhjotbrarr/.m2/repository/org/jboss/logging/jboss-logging/3.3.2.Final/jboss-logging-3.3.2.Final.jar:/home/prabhjotbrarr/.m2/repository/com/fasterxml/classmate/1.4.0/classmate-1.4.0.jar:/home/prabhjotbrarr/.m2/repository/org/springframework/spring-web/5.1.9.RELEASE/spring-web-5.1.9.RELEASE.jar:/home/prabhjotbrarr/.m2/repository/org/springframework/spring-beans/5.1.9.RELEASE/spring-beans-5.1.9.RELEASE.jar:/home/prabhjotbrarr/.m2/repository/org/springframework/spring-webmvc/5.1.9.RELEASE/spring-webmvc-5.1.9.RELEASE.jar:/home/prabhjotbrarr/.m2/repository/org/springframework/spring-aop/5.1.9.RELEASE/spring-aop-5.1.9.RELEASE.jar:/home/prabhjotbrarr/.m2/repository/org/springframework/spring-context/5.1.9.RELEASE/spring-context-5.1.9.RELEASE.jar:/home/prabhjotbrarr/.m2/repository/org/springframework/spring-expression/5.1.9.RELEASE/spring-expression-5.1.9.RELEASE.jar:/home/prabhjotbrarr/.m2/repository/org/springframework/boot/spring-boot-starter-test/2.1.7.RELEASE/spring-boot-starter-test-2.1.7.RELEASE.jar:/home/prabhjotbrarr/.m2/repository/org/springframework/boot/spring-boot-test/2.1.7.RELEASE/spring-boot-test-2.1.7.RELEASE.jar:/home/prabhjotbrarr/.m2/repository/org/springframework/boot/spring-boot-test-autoconfigure/2.1.7.RELEASE/spring-boot-test-autoconfigure-2.1.7.RELEASE.jar:/home/prabhjotbrarr/.m2/repository/com/jayway/jsonpath/json-path/2.4.0/json-path-2.4.0.jar:/home/prabhjotbrarr/.m2/repository/net/minidev/json-smart/2.3/json-smart-2.3.jar:/home/prabhjotbrarr/.m2/repository/net/minidev/accessors-smart/1.2/accessors-smart-1.2.jar:/home/prabhjotbrarr/.m2/repository/org/ow2/asm/asm/5.0.4/asm-5.0.4.jar:/home/prabhjotbrarr/.m2/repository/junit/junit/4.12/junit-4.12.jar:/home/prabhjotbrarr/.m2/repository/org/assertj/assertj-core/3.11.1/assertj-core-3.11.1.jar:/home/prabhjotbrarr/.m2/repository/org/mockito/mockito-core/2.23.4/mockito-core-2.23.4.jar:/home/prabhjotbrarr/.m2/repository/net/bytebuddy/byte-buddy/1.9.16/byte-buddy-1.9.16.jar:/home/prabhjotbrarr/.m2/repository/net/bytebuddy/byte-buddy-agent/1.9.16/byte-buddy-agent-1.9.16.jar:/home/prabhjotbrarr/.m2/repository/org/objenesis/objenesis/2.6/objenesis-2.6.jar:/home/prabhjotbrarr/.m2/repository/org/hamcrest/hamcrest-core/1.3/hamcrest-core-1.3.jar:/home/prabhjotbrarr/.m2/repository/org/hamcrest/hamcrest-library/1.3/hamcrest-library-1.3.jar:/home/prabhjotbrarr/.m2/repository/org/skyscreamer/jsonassert/1.5.0/jsonassert-1.5.0.jar:/home/prabhjotbrarr/.m2/repository/com/vaadin/external/google/android-json/0.0.20131108.vaadin1/android-json-0.0.20131108.vaadin1.jar:/home/prabhjotbrarr/.m2/repository/org/springframework/spring-core/5.1.9.RELEASE/spring-core-5.1.9.RELEASE.jar:/home/prabhjotbrarr/.m2/repository/org/springframework/spring-jcl/5.1.9.RELEASE/spring-jcl-5.1.9.RELEASE.jar:/home/prabhjotbrarr/.m2/repository/org/springframework/spring-test/5.1.9.RELEASE/spring-test-5.1.9.RELEASE.jar:/home/prabhjotbrarr/.m2/repository/org/xmlunit/xmlunit-core/2.6.3/xmlunit-core-2.6.3.jar:/home/prabhjotbrarr/.m2/repository/javax/xml/bind/jaxb-api/2.3.1/jaxb-api-2.3.1.jar:/home/prabhjotbrarr/.m2/repository/javax/activation/javax.activation-api/1.2.0/javax.activation-api-1.2.0.jar:/home/prabhjotbrarr/.m2/repository/net/devh/grpc-spring-boot-starter/2.5.1.RELEASE/grpc-spring-boot-starter-2.5.1.RELEASE.jar:/home/prabhjotbrarr/.m2/repository/net/devh/grpc-server-spring-boot-starter/2.5.1.RELEASE/grpc-server-spring-boot-starter-2.5.1.RELEASE.jar:/home/prabhjotbrarr/.m2/repository/net/devh/grpc-server-spring-boot-autoconfigure/2.5.1.RELEASE/grpc-server-spring-boot-autoconfigure-2.5.1.RELEASE.jar:/home/prabhjotbrarr/.m2/repository/io/grpc/grpc-services/1.22.2/grpc-services-1.22.2.jar:/home/prabhjotbrarr/.m2/repository/com/google/protobuf/protobuf-java-util/3.7.1/protobuf-java-util-3.7.1.jar:/home/prabhjotbrarr/.m2/repository/net/devh/grpc-client-spring-boot-starter/2.5.1.RELEASE/grpc-client-spring-boot-starter-2.5.1.RELEASE.jar:/home/prabhjotbrarr/.m2/repository/net/devh/grpc-client-spring-boot-autoconfigure/2.5.1.RELEASE/grpc-client-spring-boot-autoconfigure-2.5.1.RELEASE.jar:/home/prabhjotbrarr/.m2/repository/net/devh/grpc-common-spring-boot/2.5.1.RELEASE/grpc-common-spring-boot-2.5.1.RELEASE.jar:/home/prabhjotbrarr/.m2/repository/io/grpc/grpc-core/1.22.2/grpc-core-1.22.2.jar:/home/prabhjotbrarr/.m2/repository/com/google/code/gson/gson/2.8.5/gson-2.8.5.jar:/home/prabhjotbrarr/.m2/repository/com/google/android/annotations/4.1.1.4/annotations-4.1.1.4.jar:/home/prabhjotbrarr/.m2/repository/io/perfmark/perfmark-api/0.16.0/perfmark-api-0.16.0.jar:/home/prabhjotbrarr/.m2/repository/io/opencensus/opencensus-api/0.21.0/opencensus-api-0.21.0.jar:/home/prabhjotbrarr/.m2/repository/io/opencensus/opencensus-contrib-grpc-metrics/0.21.0/opencensus-contrib-grpc-metrics-0.21.0.jar:/home/prabhjotbrarr/.m2/repository/io/grpc/grpc-netty-shaded/1.22.2/grpc-netty-shaded-1.22.2.jar:/home/prabhjotbrarr/.m2/repository/io/grpc/grpc-protobuf/1.22.2/grpc-protobuf-1.22.2.jar:/home/prabhjotbrarr/.m2/repository/io/grpc/grpc-api/1.22.2/grpc-api-1.22.2.jar:/home/prabhjotbrarr/.m2/repository/io/grpc/grpc-context/1.22.2/grpc-context-1.22.2.jar:/home/prabhjotbrarr/.m2/repository/com/google/errorprone/error_prone_annotations/2.3.2/error_prone_annotations-2.3.2.jar:/home/prabhjotbrarr/.m2/repository/com/google/code/findbugs/jsr305/3.0.2/jsr305-3.0.2.jar:/home/prabhjotbrarr/.m2/repository/org/codehaus/mojo/animal-sniffer-annotations/1.17/animal-sniffer-annotations-1.17.jar:/home/prabhjotbrarr/.m2/repository/com/google/protobuf/protobuf-java/3.7.1/protobuf-java-3.7.1.jar:/home/prabhjotbrarr/.m2/repository/com/google/guava/guava/26.0-android/guava-26.0-android.jar:/home/prabhjotbrarr/.m2/repository/org/checkerframework/checker-compat-qual/2.5.2/checker-compat-qual-2.5.2.jar:/home/prabhjotbrarr/.m2/repository/com/google/j2objc/j2objc-annotations/1.1/j2objc-annotations-1.1.jar:/home/prabhjotbrarr/.m2/repository/com/google/api/grpc/proto-google-common-protos/1.12.0/proto-google-common-protos-1.12.0.jar:/home/prabhjotbrarr/.m2/repository/io/grpc/grpc-protobuf-lite/1.22.2/grpc-protobuf-lite-1.22.2.jar:/home/prabhjotbrarr/.m2/repository/io/grpc/grpc-stub/1.22.2/grpc-stub-1.22.2.jar:"/>
    <property name="sun.cpu.endian" value="little"/>
    <property name="user.home" value="/home/prabhjotbrarr"/>
    <property name="user.language" value="en"/>
    <property name="java.specification.vendor" value="Oracle Corporation"/>
    <property name="java.version.date" value="2022-01-18"/>
    <property name="java.home" value="/usr/lib/jvm/java-11-openjdk-amd64"/>
    <property name="file.separator" value="/"/>
    <property name="basedir" value="/home/prabhjotbrarr/Downloads/ECS656U-796PLab2StartingPoint-main/grpc-server"/>
    <property name="java.vm.compressedOopsMode" value="32-bit"/>
    <property name="line.separator" value="&#10;"/>
    <property name="java.specification.name" value="Java Platform API Specification"/>
    <property name="java.vm.specification.vendor" value="Oracle Corporation"/>
    <property name="java.awt.graphicsenv" value="sun.awt.X11GraphicsEnvironment"/>
    <property name="surefire.real.class.path" value="/home/prabhjotbrarr/Downloads/ECS656U-796PLab2StartingPoint-main/grpc-server/target/surefire/surefirebooter7025405790992788487.jar"/>
    <property name="sun.management.compiler" value="HotSpot 64-Bit Tiered Compilers"/>
    <property name="java.runtime.version" value="11.0.14+9-post-Debian-1deb10u1"/>
    <property name="user.name" value="prabhjotbrarr"/>
    <property name="path.separator" value=":"/>
    <property name="os.version" value="5.10.101-14960-gb2e5df468a73"/>
    <property name="java.runtime.name" value="OpenJDK Runtime Environment"/>
    <property name="file.encoding" value="UTF-8"/>
    <property name="java.vm.name" value="OpenJDK 64-Bit Server VM"/>
    <property name="localRepository" value="/home/prabhjotbrarr/.m2/repository"/>
    <property name="java.vendor.url.bug" value="https://bugs.debian.org/openjdk-11"/>
    <property name="java.io.tmpdir" value="/tmp"/>
    <property name="java.version" value="11.0.14"/>
    <property name="user.dir" value="/home/prabhjotbrarr/Downloads/ECS656U-796PLab2StartingPoint-main/grpc-server"/>
    <property name="os.arch" value="amd64"/>
    <property name="java.vm.specification.name" value="Java Virtual Machine Specification"/>
    <property name="java.awt.printerjob" value="sun.print.PSPrinterJob"/>
    <property name="sun.os.patch.level" value="unknown"/>
    <property name="java.library.path" value="/usr/java/packages/lib:/usr/lib/x86_64-linux-gnu/jni:/lib/x86_64-linux-gnu:/usr/lib/x86_64-linux-gnu:/usr/lib/jni:/lib:/usr/lib"/>
    <property name="java.vm.info" value="mixed mode, sharing"/>
    <property name="java.vendor" value="Debian"/>
    <property name="java.vm.version" value="11.0.14+9-post-Debian-1deb10u1"/>
    <property name="sun.io.unicode.encoding" value="UnicodeLittle"/>
    <property name="java.class.version" value="55.0"/>
  </properties>
  <testcase name="contextLoads" classname="com.example.grpc.server.grpcserver.GrpcServerApplicationTests" time="0.937"/>
</testsuite>